<?xml version="1.0" encoding="UTF-8"?>
<testsuite xmlns:xsi="http://www.w3.org/2001/XMLSchema-instance" xsi:noNamespaceSchemaLocation="https://maven.apache.org/surefire/maven-surefire-plugin/xsd/surefire-test-report-3.0.xsd" version="3.0" name="IsomorphicTests" time="1.203" tests="5" errors="0" skipped="0" failures="0">
  <properties>
    <property name="user.variant" value=""/>
    <property name="java.vm.info" value="mixed mode"/>
    <property name="file.encoding.pkg" value="sun.io"/>
    <property name="file.encoding" value="Cp1252"/>
    <property name="java.specification.name" value="Java Platform API Specification"/>
    <property name="sun.os.patch.level" value=""/>
    <property name="user.dir" value="C:\Users\bhatsomn\Documents\GitHub\isomorphic"/>
    <property name="line.separator" value="&#10;"/>
    <property name="java.home" value="C:\Program Files\Java\jdk1.7.0_79\jre"/>
    <property name="user.name" value="bhatsomn"/>
    <property name="sun.boot.library.path" value="C:\Program Files\Java\jdk1.7.0_79\jre\bin"/>
    <property name="user.home" value="C:\Users\bhatsomn"/>
    <property name="localRepository" value="C:\Users\bhatsomn\.m2\repository"/>
    <property name="sun.java.launcher" value="SUN_STANDARD"/>
    <property name="java.class.version" value="51.0"/>
    <property name="user.language" value="en"/>
    <property name="java.vendor.url.bug" value="http://bugreport.sun.com/bugreport/"/>
    <property name="sun.jnu.encoding" value="Cp1252"/>
    <property name="java.io.tmpdir" value="C:\Users\bhatsomn\AppData\Local\Temp\"/>
    <property name="java.specification.vendor" value="Oracle Corporation"/>
    <property name="file.separator" value="\"/>
    <property name="java.class.path" value="C:\Users\bhatsomn\Documents\GitHub\isomorphic\target\test-classes;C:\Users\bhatsomn\Documents\GitHub\isomorphic\target\classes;C:\Users\bhatsomn\.m2\repository\org\testng\testng\6.8\testng-6.8.jar;C:\Users\bhatsomn\.m2\repository\junit\junit\4.10\junit-4.10.jar;C:\Users\bhatsomn\.m2\repository\org\hamcrest\hamcrest-core\1.1\hamcrest-core-1.1.jar;C:\Users\bhatsomn\.m2\repository\org\beanshell\bsh\2.0b4\bsh-2.0b4.jar;C:\Users\bhatsomn\.m2\repository\com\beust\jcommander\1.27\jcommander-1.27.jar;C:\Users\bhatsomn\.m2\repository\org\yaml\snakeyaml\1.6\snakeyaml-1.6.jar;"/>
    <property name="java.vm.vendor" value="Oracle Corporation"/>
    <property name="sun.cpu.endian" value="little"/>
    <property name="java.vm.specification.vendor" value="Oracle Corporation"/>
    <property name="java.specification.version" value="1.7"/>
    <property name="user.script" value=""/>
    <property name="awt.toolkit" value="sun.awt.windows.WToolkit"/>
    <property name="sun.java.command" value="C:\Users\bhatsomn\AppData\Local\Temp\surefire6796862024293270765\surefirebooter2292167243709346429.jar C:\Users\bhatsomn\AppData\Local\Temp\surefire6796862024293270765 2019-01-31T16-40-45_972-jvmRun1 surefire897433274416178565tmp surefire_05189862376080506200tmp"/>
    <property name="user.timezone" value="Asia/Calcutta"/>
    <property name="surefire.test.class.path" value="C:\Users\bhatsomn\Documents\GitHub\isomorphic\target\test-classes;C:\Users\bhatsomn\Documents\GitHub\isomorphic\target\classes;C:\Users\bhatsomn\.m2\repository\org\testng\testng\6.8\testng-6.8.jar;C:\Users\bhatsomn\.m2\repository\junit\junit\4.10\junit-4.10.jar;C:\Users\bhatsomn\.m2\repository\org\hamcrest\hamcrest-core\1.1\hamcrest-core-1.1.jar;C:\Users\bhatsomn\.m2\repository\org\beanshell\bsh\2.0b4\bsh-2.0b4.jar;C:\Users\bhatsomn\.m2\repository\com\beust\jcommander\1.27\jcommander-1.27.jar;C:\Users\bhatsomn\.m2\repository\org\yaml\snakeyaml\1.6\snakeyaml-1.6.jar;"/>
    <property name="java.runtime.version" value="1.7.0_79-b15"/>
    <property name="java.vendor" value="Oracle Corporation"/>
    <property name="sun.management.compiler" value="HotSpot 64-Bit Tiered Compilers"/>
    <property name="sun.arch.data.model" value="64"/>
    <property name="os.arch" value="amd64"/>
    <property name="sun.io.unicode.encoding" value="UnicodeLittle"/>
    <property name="java.awt.printerjob" value="sun.awt.windows.WPrinterJob"/>
    <property name="path.separator" value=";"/>
    <property name="java.runtime.name" value="Java(TM) SE Runtime Environment"/>
    <property name="java.vendor.url" value="http://java.oracle.com/"/>
    <property name="sun.boot.class.path" value="C:\Program Files\Java\jdk1.7.0_79\jre\lib\resources.jar;C:\Program Files\Java\jdk1.7.0_79\jre\lib\rt.jar;C:\Program Files\Java\jdk1.7.0_79\jre\lib\sunrsasign.jar;C:\Program Files\Java\jdk1.7.0_79\jre\lib\jsse.jar;C:\Program Files\Java\jdk1.7.0_79\jre\lib\jce.jar;C:\Program Files\Java\jdk1.7.0_79\jre\lib\charsets.jar;C:\Program Files\Java\jdk1.7.0_79\jre\lib\jfr.jar;C:\Program Files\Java\jdk1.7.0_79\jre\classes"/>
    <property name="surefire.real.class.path" value="C:\Users\bhatsomn\AppData\Local\Temp\surefire6796862024293270765\surefirebooter2292167243709346429.jar"/>
    <property name="java.endorsed.dirs" value="C:\Program Files\Java\jdk1.7.0_79\jre\lib\endorsed"/>
    <property name="sun.desktop" value="windows"/>
    <property name="java.vm.version" value="24.79-b02"/>
    <property name="os.name" value="Windows 8.1"/>
    <property name="java.vm.specification.version" value="1.7"/>
    <property name="sun.cpu.isalist" value="amd64"/>
    <property name="java.version" value="1.7.0_79"/>
    <property name="java.vm.specification.name" value="Java Virtual Machine Specification"/>
    <property name="java.ext.dirs" value="C:\Program Files\Java\jdk1.7.0_79\jre\lib\ext;C:\WINDOWS\Sun\Java\lib\ext"/>
    <property name="os.version" value="6.3"/>
    <property name="basedir" value="C:\Users\bhatsomn\Documents\GitHub\isomorphic"/>
    <property name="java.library.path" value="C:\Program Files\Java\jdk1.7.0_79\jre\bin;C:\WINDOWS\Sun\Java\bin;C:\WINDOWS\system32;C:\WINDOWS;C:\oraclexe\app\oracle\product\11.2.0\server\bin;C:\oraclexe\app\oracle\product\11.2.0\server\bin;C:\oraclexe\app\oracle\product\11.2.0\server\bin;C:\Oracle\Win32\product\11.2.0\client_1\bin;C:\Program Files\RA2HP\;C:\Ruby21\bin;C:\WINDOWS\system32;C:\WINDOWS;C:\WINDOWS\System32\Wbem;C:\WINDOWS\System32\WindowsPowerShell\v1.0\;C:\WINDOWS\System32\WindowsPowerShell\v1.0\;C:\HashiCorp\Vagrant\bin;C:\apache-tomcat-7.0.68-windows-x64\apache-tomcat-7.0.68\bin;C:\Tools\putty.exe;C:\apache-maven-3.5.4-bin\apache-maven-3.5.4\bin;C:\Program Files (x86)\MySQL\MySQL Fabric 1.5 &amp; MySQL Utilities 1.5\;C:\Program Files (x86)\MySQL\MySQL Fabric 1.5 &amp; MySQL Utilities 1.5\Doctrine extensions for PHP\;C:\mysql-5.7.11-winx64\mysql-5.7.11-winx64\bin;C:\Python27;C:\opscode\chefdk\bin;C:\Program Files\Git\bin;c:\Program Files\Intel\WiFi\bin\;c:\Program Files\Common Files\Intel\WirelessCommon\;C:\Users\bhatsomn\.chefdk\gem\ruby\2.1.0\gems;C:\Program Files (x86)\Microsoft SQL Server\Client SDK\ODBC\130\Tools\Binn\;C:\Program Files (x86)\Microsoft SQL Server\140\Tools\Binn\;C:\Program Files (x86)\Microsoft SQL Server\140\DTS\Binn\;C:\Program Files (x86)\Microsoft SQL Server\140\Tools\Binn\ManagementStudio\;C:\Program Files\WUM\bin;C:\gradle-4.2-all\gradle-4.2\bin;C:\apache-groovy-sdk-2.4.12\groovy-2.4.12\bin;C:\grails-2.4.4\grails-2.4.4\bin;C:\Program Files\TortoiseGit\bin;C:\Program Files\nodejs\;C:\Program Files\Amazon\AWSCLI\;C:\Program Files\TortoiseHg\;C:\Program Files\Microsoft SQL Server\130\Tools\Binn\;C:\WINDOWS\system32\config\systemprofile\.dnx\bin;C:\Program Files\Microsoft DNX\Dnvm\;C:\Program Files\dotnet\;C:\Program Files (x86)\Qfiniti\Bin;C:\Program Files (x86)\Qfiniti\Qfiniti Desktop;C:\Program Files (x86)\Qfiniti\Qfiniti Desktop\capturedriver;C:\Tools\;C:\Program Files\Microsoft VS Code\bin;C:\openssl-1.1.1\openssl-1.1.1;C:\Tools\sonarqube6.7\sonarqube-6.7.5\bin\windows-x86-64;C:\Program Files\Java\jdk1.7.0_79\bin;C:\python3.6\Scripts\;C:\python3.6\;C:\Users\bhatsomn\AppData\Local\atom\bin;C:\Program Files\Microsoft VS Code\bin;C:\Users\bhatsomn\AppData\Roaming\npm;C:\Users\bhatsomn\AppData\Local\Microsoft\WindowsApps;C:\Users\bhatsomn\AppData\Local\Programs\Microsoft VS Code\bin;C:\Program Files\JetBrains\IntelliJ IDEA Community Edition 2018.3\bin;;."/>
    <property name="java.awt.graphicsenv" value="sun.awt.Win32GraphicsEnvironment"/>
    <property name="java.vm.name" value="Java HotSpot(TM) 64-Bit Server VM"/>
    <property name="user.country" value="US"/>
  </properties>
  <testcase name="testInvalidInputs" classname="IsomorphicTests" time="0.015"/>
  <testcase name="testInvalidInputs" classname="IsomorphicTests" time="0"/>
  <testcase name="testValidInputs" classname="IsomorphicTests" time="0.001"/>
  <testcase name="testValidInputs" classname="IsomorphicTests" time="0"/>
  <testcase name="testValidInputs" classname="IsomorphicTests" time="0"/>
</testsuite>