<?xml version="1.0" encoding="UTF-8"?>
<!-- Generated by org.testng.reporters.JUnitReportReporter -->
<testsuite hostname="BHATSOMN9" name="IsomorphicTests" tests="5" failures="0" timestamp="31 Jan 2019 11:10:49 GMT" time="0.017" errors="0">
  <testcase name="testInvalidInputs" time="0.016" classname="IsomorphicTests"/>
  <testcase name="testInvalidInputs" time="0.001" classname="IsomorphicTests"/>
  <testcase name="testValidInputs" time="0.000" classname="IsomorphicTests"/>
  <testcase name="testValidInputs" time="0.000" classname="IsomorphicTests"/>
  <testcase name="testValidInputs" time="0.000" classname="IsomorphicTests"/>
</testsuite> <!-- IsomorphicTests -->
